<?xml version="1.0" encoding="UTF-8"?>
<!-- Generated by org.testng.reporters.JUnitXMLReporter -->
<testsuite ignored="0" hostname="DESKTOP-MHPIMKC" failures="0" tests="2" name="Default test" time="27.091" errors="0" timestamp="2023-04-14T09:09:07 IST">
  <testcase classname="com.policybazar.tests.ETE_HealthInsurenceTest" name="validateHomeScreen" time="0.172"/>
  <testcase classname="com.policybazar.tests.ETE_HealthInsurenceTest" name="validateE2EForHealth" time="10.478"/>
</testsuite> <!-- Default test -->
