<?xml version="1.0" encoding="UTF-8"?>
<testng-results ignored="0" total="2" passed="2" failed="0" skipped="0">
  <reporter-output>
  </reporter-output>
  <suite started-at="2023-04-14T09:08:39 IST" name="Default suite" finished-at="2023-04-14T09:09:07 IST" duration-ms="27091">
    <groups>
    </groups>
    <test started-at="2023-04-14T09:08:39 IST" name="Default test" finished-at="2023-04-14T09:09:07 IST" duration-ms="27091">
      <class name="com.policybazar.tests.ETE_HealthInsurenceTest">
        <test-method is-config="true" signature="setup()[pri:0, instance:com.policybazar.tests.ETE_HealthInsurenceTest@17f62e33]" started-at="2023-04-14T09:08:40 IST" name="setup" finished-at="2023-04-14T09:08:55 IST" duration-ms="15262" status="PASS">
          <reporter-output>
          </reporter-output>
        </test-method> <!-- setup -->
        <test-method signature="validateHomeScreen()[pri:1, instance:com.policybazar.tests.ETE_HealthInsurenceTest@17f62e33]" started-at="2023-04-14T09:08:55 IST" name="validateHomeScreen" finished-at="2023-04-14T09:08:55 IST" duration-ms="172" status="PASS">
          <reporter-output>
          </reporter-output>
        </test-method> <!-- validateHomeScreen -->
        <test-method signature="validateE2EForHealth()[pri:2, instance:com.policybazar.tests.ETE_HealthInsurenceTest@17f62e33]" started-at="2023-04-14T09:08:55 IST" name="validateE2EForHealth" description="This test case is used to test End to End testing of Health" finished-at="2023-04-14T09:09:06 IST" duration-ms="10478" status="PASS">
          <reporter-output>
          </reporter-output>
        </test-method> <!-- validateE2EForHealth -->
        <test-method is-config="true" signature="tearDown()[pri:0, instance:com.policybazar.tests.ETE_HealthInsurenceTest@17f62e33]" started-at="2023-04-14T09:09:06 IST" name="tearDown" finished-at="2023-04-14T09:09:07 IST" duration-ms="1057" status="PASS">
          <reporter-output>
          </reporter-output>
        </test-method> <!-- tearDown -->
      </class> <!-- com.policybazar.tests.ETE_HealthInsurenceTest -->
    </test> <!-- Default test -->
  </suite> <!-- Default suite -->
</testng-results>
